{"C:\\Users\\a.palagiri\\projectweek\\fintechtransactionwk\\src\\modules\\fintech\\constants.ts": {"path":"C:\\Users\\a.palagiri\\projectweek\\fintechtransactionwk\\src\\modules\\fintech\\constants.ts","statementMap":{"0":{"start":{"line":3,"column":64},"end":{"line":52,"column":null}},"1":{"start":{"line":57,"column":5},"end":{"line":82,"column":null}},"2":{"start":{"line":84,"column":60},"end":{"line":91,"column":null}},"3":{"start":{"line":93,"column":60},"end":{"line":100,"column":null}},"4":{"start":{"line":102,"column":60},"end":{"line":111,"column":null}},"5":{"start":{"line":113,"column":53},"end":{"line":118,"column":null}},"6":{"start":{"line":120,"column":31},"end":{"line":125,"column":null}},"7":{"start":{"line":127,"column":31},"end":{"line":132,"column":null}},"8":{"start":{"line":134,"column":34},"end":{"line":163,"column":null}},"9":{"start":{"line":165,"column":22},"end":{"line":173,"column":null}},"10":{"start":{"line":175,"column":36},"end":{"line":179,"column":null}},"11":{"start":{"line":181,"column":34},"end":{"line":186,"column":null}},"12":{"start":{"line":188,"column":36},"end":{"line":199,"column":null}}},"fnMap":{},"branchMap":{},"s":{"0":1,"1":1,"2":1,"3":1,"4":1,"5":1,"6":1,"7":1,"8":1,"9":1,"10":1,"11":1,"12":1},"f":{},"b":{},"meta":{"lastBranch":0,"lastFunction":0,"lastStatement":13,"seen":{"s:3:64:52:Infinity":0,"s:57:5:82:Infinity":1,"s:84:60:91:Infinity":2,"s:93:60:100:Infinity":3,"s:102:60:111:Infinity":4,"s:113:53:118:Infinity":5,"s:120:31:125:Infinity":6,"s:127:31:132:Infinity":7,"s:134:34:163:Infinity":8,"s:165:22:173:Infinity":9,"s:175:36:179:Infinity":10,"s:181:34:186:Infinity":11,"s:188:36:199:Infinity":12}}}
,"C:\\Users\\a.palagiri\\projectweek\\fintechtransactionwk\\src\\modules\\fintech\\services\\auditService.ts": {"path":"C:\\Users\\a.palagiri\\projectweek\\fintechtransactionwk\\src\\modules\\fintech\\services\\auditService.ts","statementMap":{"0":{"start":{"line":3,"column":34},"end":{"line":3,"column":null}},"1":{"start":{"line":4,"column":21},"end":{"line":4,"column":null}},"2":{"start":{"line":8,"column":4},"end":{"line":8,"column":null}},"3":{"start":{"line":8,"column":34},"end":{"line":8,"column":58}},"4":{"start":{"line":19,"column":4},"end":{"line":19,"column":null}},"5":{"start":{"line":21,"column":33},"end":{"line":30,"column":null}},"6":{"start":{"line":32,"column":4},"end":{"line":32,"column":null}},"7":{"start":{"line":34,"column":4},"end":{"line":34,"column":null}},"8":{"start":{"line":38,"column":4},"end":{"line":38,"column":null}},"9":{"start":{"line":40,"column":4},"end":{"line":44,"column":null}},"10":{"start":{"line":42,"column":25},"end":{"line":42,"column":54}},"11":{"start":{"line":43,"column":23},"end":{"line":43,"column":36}},"12":{"start":{"line":51,"column":4},"end":{"line":51,"column":null}},"13":{"start":{"line":53,"column":10},"end":{"line":53,"column":null}},"14":{"start":{"line":54,"column":20},"end":{"line":56,"column":null}},"15":{"start":{"line":58,"column":4},"end":{"line":61,"column":null}},"16":{"start":{"line":65,"column":4},"end":{"line":65,"column":null}},"17":{"start":{"line":67,"column":4},"end":{"line":69,"column":null}},"18":{"start":{"line":68,"column":33},"end":{"line":68,"column":59}},"19":{"start":{"line":73,"column":4},"end":{"line":73,"column":null}},"20":{"start":{"line":75,"column":4},"end":{"line":77,"column":null}},"21":{"start":{"line":76,"column":33},"end":{"line":76,"column":56}},"22":{"start":{"line":84,"column":4},"end":{"line":84,"column":null}},"23":{"start":{"line":86,"column":4},"end":{"line":90,"column":null}},"24":{"start":{"line":88,"column":17},"end":{"line":88,"column":null}},"25":{"start":{"line":94,"column":4},"end":{"line":94,"column":null}},"26":{"start":{"line":96,"column":20},"end":{"line":98,"column":null}},"27":{"start":{"line":97,"column":31},"end":{"line":97,"column":56}},"28":{"start":{"line":100,"column":4},"end":{"line":100,"column":null}},"29":{"start":{"line":108,"column":52},"end":{"line":108,"column":null}},"30":{"start":{"line":109,"column":51},"end":{"line":109,"column":null}},"31":{"start":{"line":111,"column":4},"end":{"line":114,"column":null}},"32":{"start":{"line":112,"column":6},"end":{"line":112,"column":null}},"33":{"start":{"line":113,"column":6},"end":{"line":113,"column":null}},"34":{"start":{"line":116,"column":4},"end":{"line":120,"column":null}},"35":{"start":{"line":124,"column":28},"end":{"line":124,"column":null}}},"fnMap":{"0":{"name":"(anonymous_0)","decl":{"start":{"line":7,"column":10},"end":{"line":7,"column":41}},"loc":{"start":{"line":7,"column":41},"end":{"line":9,"column":null}},"line":7},"1":{"name":"(anonymous_1)","decl":{"start":{"line":8,"column":23},"end":{"line":8,"column":34}},"loc":{"start":{"line":8,"column":34},"end":{"line":8,"column":58}},"line":8},"2":{"name":"(anonymous_2)","decl":{"start":{"line":11,"column":8},"end":{"line":11,"column":null}},"loc":{"start":{"line":18,"column":28},"end":{"line":35,"column":null}},"line":18},"3":{"name":"(anonymous_3)","decl":{"start":{"line":37,"column":8},"end":{"line":37,"column":27}},"loc":{"start":{"line":37,"column":81},"end":{"line":45,"column":null}},"line":37},"4":{"name":"(anonymous_4)","decl":{"start":{"line":42,"column":16},"end":{"line":42,"column":25}},"loc":{"start":{"line":42,"column":25},"end":{"line":42,"column":54}},"line":42},"5":{"name":"(anonymous_5)","decl":{"start":{"line":43,"column":13},"end":{"line":43,"column":23}},"loc":{"start":{"line":43,"column":23},"end":{"line":43,"column":36}},"line":43},"6":{"name":"(anonymous_6)","decl":{"start":{"line":47,"column":8},"end":{"line":47,"column":null}},"loc":{"start":{"line":50,"column":67},"end":{"line":62,"column":null}},"line":50},"7":{"name":"(anonymous_7)","decl":{"start":{"line":64,"column":8},"end":{"line":64,"column":28}},"loc":{"start":{"line":64,"column":80},"end":{"line":70,"column":null}},"line":64},"8":{"name":"(anonymous_8)","decl":{"start":{"line":68,"column":24},"end":{"line":68,"column":33}},"loc":{"start":{"line":68,"column":33},"end":{"line":68,"column":59}},"line":68},"9":{"name":"(anonymous_9)","decl":{"start":{"line":72,"column":8},"end":{"line":72,"column":29}},"loc":{"start":{"line":72,"column":85},"end":{"line":78,"column":null}},"line":72},"10":{"name":"(anonymous_10)","decl":{"start":{"line":76,"column":24},"end":{"line":76,"column":33}},"loc":{"start":{"line":76,"column":33},"end":{"line":76,"column":56}},"line":76},"11":{"name":"(anonymous_11)","decl":{"start":{"line":80,"column":8},"end":{"line":80,"column":null}},"loc":{"start":{"line":83,"column":39},"end":{"line":91,"column":null}},"line":83},"12":{"name":"(anonymous_12)","decl":{"start":{"line":88,"column":8},"end":{"line":88,"column":17}},"loc":{"start":{"line":88,"column":17},"end":{"line":88,"column":null}},"line":88},"13":{"name":"(anonymous_13)","decl":{"start":{"line":93,"column":8},"end":{"line":93,"column":23}},"loc":{"start":{"line":93,"column":60},"end":{"line":101,"column":null}},"line":93},"14":{"name":"(anonymous_14)","decl":{"start":{"line":97,"column":26},"end":{"line":97,"column":31}},"loc":{"start":{"line":97,"column":31},"end":{"line":97,"column":56}},"line":97},"15":{"name":"(anonymous_15)","decl":{"start":{"line":103,"column":2},"end":{"line":103,"column":null}},"loc":{"start":{"line":107,"column":4},"end":{"line":121,"column":null}},"line":107},"16":{"name":"(anonymous_16)","decl":{"start":{"line":111,"column":23},"end":{"line":111,"column":32}},"loc":{"start":{"line":111,"column":32},"end":{"line":114,"column":5}},"line":111}},"branchMap":{"0":{"loc":{"start":{"line":15,"column":4},"end":{"line":15,"column":null}},"type":"default-arg","locations":[{"start":{"line":15,"column":39},"end":{"line":15,"column":null}}],"line":15},"1":{"loc":{"start":{"line":48,"column":4},"end":{"line":48,"column":null}},"type":"default-arg","locations":[{"start":{"line":48,"column":19},"end":{"line":48,"column":null}}],"line":48},"2":{"loc":{"start":{"line":49,"column":4},"end":{"line":49,"column":null}},"type":"default-arg","locations":[{"start":{"line":49,"column":23},"end":{"line":49,"column":null}}],"line":49},"3":{"loc":{"start":{"line":88,"column":17},"end":{"line":88,"column":null}},"type":"binary-expr","locations":[{"start":{"line":88,"column":17},"end":{"line":88,"column":49}},{"start":{"line":88,"column":49},"end":{"line":88,"column":null}}],"line":88},"4":{"loc":{"start":{"line":96,"column":20},"end":{"line":98,"column":null}},"type":"cond-expr","locations":[{"start":{"line":97,"column":8},"end":{"line":97,"column":null}},{"start":{"line":98,"column":8},"end":{"line":98,"column":null}}],"line":96},"5":{"loc":{"start":{"line":112,"column":39},"end":{"line":112,"column":77}},"type":"binary-expr","locations":[{"start":{"line":112,"column":39},"end":{"line":112,"column":72}},{"start":{"line":112,"column":72},"end":{"line":112,"column":77}}],"line":112},"6":{"loc":{"start":{"line":113,"column":42},"end":{"line":113,"column":83}},"type":"binary-expr","locations":[{"start":{"line":113,"column":42},"end":{"line":113,"column":78}},{"start":{"line":113,"column":78},"end":{"line":113,"column":83}}],"line":113}},"s":{"0":3,"1":3,"2":12,"3":12,"4":12,"5":12,"6":12,"7":12,"8":0,"9":0,"10":0,"11":0,"12":0,"13":0,"14":0,"15":0,"16":0,"17":0,"18":0,"19":0,"20":0,"21":0,"22":0,"23":0,"24":0,"25":0,"26":0,"27":0,"28":0,"29":0,"30":0,"31":0,"32":0,"33":0,"34":0,"35":3},"f":{"0":12,"1":12,"2":12,"3":0,"4":0,"5":0,"6":0,"7":0,"8":0,"9":0,"10":0,"11":0,"12":0,"13":0,"14":0,"15":0,"16":0},"b":{"0":[12],"1":[0],"2":[0],"3":[0,0],"4":[0,0],"5":[0,0],"6":[0,0]},"meta":{"lastBranch":7,"lastFunction":17,"lastStatement":36,"seen":{"s:3:34:3:Infinity":0,"s:4:21:4:Infinity":1,"f:7:10:7:41":0,"s:8:4:8:Infinity":2,"f:8:23:8:34":1,"s:8:34:8:58":3,"f:11:8:11:Infinity":2,"b:15:39:15:Infinity":0,"s:19:4:19:Infinity":4,"s:21:33:30:Infinity":5,"s:32:4:32:Infinity":6,"s:34:4:34:Infinity":7,"f:37:8:37:27":3,"s:38:4:38:Infinity":8,"s:40:4:44:Infinity":9,"f:42:16:42:25":4,"s:42:25:42:54":10,"f:43:13:43:23":5,"s:43:23:43:36":11,"f:47:8:47:Infinity":6,"b:48:19:48:Infinity":1,"b:49:23:49:Infinity":2,"s:51:4:51:Infinity":12,"s:53:10:53:Infinity":13,"s:54:20:56:Infinity":14,"s:58:4:61:Infinity":15,"f:64:8:64:28":7,"s:65:4:65:Infinity":16,"s:67:4:69:Infinity":17,"f:68:24:68:33":8,"s:68:33:68:59":18,"f:72:8:72:29":9,"s:73:4:73:Infinity":19,"s:75:4:77:Infinity":20,"f:76:24:76:33":10,"s:76:33:76:56":21,"f:80:8:80:Infinity":11,"s:84:4:84:Infinity":22,"s:86:4:90:Infinity":23,"f:88:8:88:17":12,"s:88:17:88:Infinity":24,"b:88:17:88:49:88:49:88:Infinity":3,"f:93:8:93:23":13,"s:94:4:94:Infinity":25,"s:96:20:98:Infinity":26,"b:97:8:97:Infinity:98:8:98:Infinity":4,"f:97:26:97:31":14,"s:97:31:97:56":27,"s:100:4:100:Infinity":28,"f:103:2:103:Infinity":15,"s:108:52:108:Infinity":29,"s:109:51:109:Infinity":30,"s:111:4:114:Infinity":31,"f:111:23:111:32":16,"s:112:6:112:Infinity":32,"b:112:39:112:72:112:72:112:77":5,"s:113:6:113:Infinity":33,"b:113:42:113:78:113:78:113:83":6,"s:116:4:120:Infinity":34,"s:124:28:124:Infinity":35}}}
,"C:\\Users\\a.palagiri\\projectweek\\fintechtransactionwk\\src\\modules\\fintech\\services\\disputeService.ts": {"path":"C:\\Users\\a.palagiri\\projectweek\\fintechtransactionwk\\src\\modules\\fintech\\services\\disputeService.ts","statementMap":{"0":{"start":{"line":12,"column":2},"end":{"line":24,"column":null}},"1":{"start":{"line":15,"column":6},"end":{"line":15,"column":null}},"2":{"start":{"line":17,"column":6},"end":{"line":17,"column":null}},"3":{"start":{"line":19,"column":6},"end":{"line":19,"column":null}},"4":{"start":{"line":21,"column":6},"end":{"line":21,"column":null}},"5":{"start":{"line":23,"column":6},"end":{"line":23,"column":null}},"6":{"start":{"line":27,"column":26},"end":{"line":27,"column":null}},"7":{"start":{"line":28,"column":29},"end":{"line":28,"column":null}},"8":{"start":{"line":29,"column":23},"end":{"line":29,"column":null}},"9":{"start":{"line":30,"column":21},"end":{"line":30,"column":null}},"10":{"start":{"line":41,"column":4},"end":{"line":43,"column":null}},"11":{"start":{"line":42,"column":6},"end":{"line":42,"column":null}},"12":{"start":{"line":44,"column":4},"end":{"line":44,"column":null}},"13":{"start":{"line":44,"column":34},"end":{"line":44,"column":80}},"14":{"start":{"line":48,"column":4},"end":{"line":50,"column":null}},"15":{"start":{"line":49,"column":6},"end":{"line":49,"column":null}},"16":{"start":{"line":51,"column":4},"end":{"line":51,"column":null}},"17":{"start":{"line":59,"column":4},"end":{"line":59,"column":null}},"18":{"start":{"line":61,"column":4},"end":{"line":63,"column":null}},"19":{"start":{"line":62,"column":6},"end":{"line":62,"column":null}},"20":{"start":{"line":65,"column":24},"end":{"line":65,"column":null}},"21":{"start":{"line":66,"column":4},"end":{"line":68,"column":null}},"22":{"start":{"line":67,"column":6},"end":{"line":67,"column":null}},"23":{"start":{"line":70,"column":4},"end":{"line":73,"column":null}},"24":{"start":{"line":75,"column":16},"end":{"line":75,"column":null}},"25":{"start":{"line":76,"column":29},"end":{"line":95,"column":null}},"26":{"start":{"line":97,"column":4},"end":{"line":97,"column":null}},"27":{"start":{"line":98,"column":4},"end":{"line":98,"column":null}},"28":{"start":{"line":106,"column":4},"end":{"line":106,"column":null}},"29":{"start":{"line":108,"column":19},"end":{"line":108,"column":null}},"30":{"start":{"line":110,"column":4},"end":{"line":112,"column":null}},"31":{"start":{"line":111,"column":6},"end":{"line":111,"column":null}},"32":{"start":{"line":111,"column":38},"end":{"line":111,"column":65}},"33":{"start":{"line":114,"column":4},"end":{"line":116,"column":null}},"34":{"start":{"line":115,"column":6},"end":{"line":115,"column":null}},"35":{"start":{"line":115,"column":38},"end":{"line":115,"column":73}},"36":{"start":{"line":118,"column":18},"end":{"line":118,"column":null}},"37":{"start":{"line":119,"column":23},"end":{"line":119,"column":null}},"38":{"start":{"line":120,"column":10},"end":{"line":120,"column":null}},"39":{"start":{"line":121,"column":17},"end":{"line":121,"column":null}},"40":{"start":{"line":123,"column":4},"end":{"line":129,"column":null}},"41":{"start":{"line":133,"column":4},"end":{"line":133,"column":null}},"42":{"start":{"line":135,"column":20},"end":{"line":135,"column":null}},"43":{"start":{"line":135,"column":39},"end":{"line":135,"column":50}},"44":{"start":{"line":136,"column":4},"end":{"line":136,"column":null}},"45":{"start":{"line":144,"column":4},"end":{"line":144,"column":null}},"46":{"start":{"line":146,"column":4},"end":{"line":148,"column":null}},"47":{"start":{"line":147,"column":6},"end":{"line":147,"column":null}},"48":{"start":{"line":150,"column":18},"end":{"line":150,"column":null}},"49":{"start":{"line":150,"column":42},"end":{"line":150,"column":53}},"50":{"start":{"line":151,"column":4},"end":{"line":153,"column":null}},"51":{"start":{"line":152,"column":6},"end":{"line":152,"column":null}},"52":{"start":{"line":155,"column":20},"end":{"line":155,"column":null}},"53":{"start":{"line":158,"column":4},"end":{"line":163,"column":null}},"54":{"start":{"line":159,"column":6},"end":{"line":162,"column":null}},"55":{"start":{"line":165,"column":29},"end":{"line":170,"column":null}},"56":{"start":{"line":172,"column":4},"end":{"line":172,"column":null}},"57":{"start":{"line":173,"column":4},"end":{"line":173,"column":null}},"58":{"start":{"line":184,"column":4},"end":{"line":184,"column":null}},"59":{"start":{"line":186,"column":4},"end":{"line":188,"column":null}},"60":{"start":{"line":187,"column":6},"end":{"line":187,"column":null}},"61":{"start":{"line":190,"column":18},"end":{"line":190,"column":null}},"62":{"start":{"line":190,"column":42},"end":{"line":190,"column":53}},"63":{"start":{"line":191,"column":4},"end":{"line":193,"column":null}},"64":{"start":{"line":192,"column":6},"end":{"line":192,"column":null}},"65":{"start":{"line":195,"column":20},"end":{"line":195,"column":null}},"66":{"start":{"line":198,"column":4},"end":{"line":200,"column":null}},"67":{"start":{"line":199,"column":6},"end":{"line":199,"column":null}},"68":{"start":{"line":202,"column":38},"end":{"line":206,"column":null}},"69":{"start":{"line":232,"column":4},"end":{"line":236,"column":null}},"70":{"start":{"line":233,"column":6},"end":{"line":233,"column":null}},"71":{"start":{"line":234,"column":6},"end":{"line":234,"column":null}},"72":{"start":{"line":235,"column":6},"end":{"line":235,"column":null}},"73":{"start":{"line":238,"column":4},"end":{"line":240,"column":null}},"74":{"start":{"line":239,"column":6},"end":{"line":239,"column":null}},"75":{"start":{"line":242,"column":20},"end":{"line":242,"column":null}},"76":{"start":{"line":243,"column":4},"end":{"line":243,"column":null}},"77":{"start":{"line":244,"column":4},"end":{"line":260,"column":null}},"78":{"start":{"line":264,"column":25},"end":{"line":264,"column":null}},"79":{"start":{"line":266,"column":4},"end":{"line":271,"column":null}},"80":{"start":{"line":267,"column":6},"end":{"line":270,"column":null}},"81":{"start":{"line":273,"column":4},"end":{"line":273,"column":null}},"82":{"start":{"line":277,"column":4},"end":{"line":277,"column":null}},"83":{"start":{"line":279,"column":18},"end":{"line":279,"column":null}},"84":{"start":{"line":279,"column":42},"end":{"line":279,"column":53}},"85":{"start":{"line":280,"column":4},"end":{"line":282,"column":null}},"86":{"start":{"line":281,"column":6},"end":{"line":281,"column":null}},"87":{"start":{"line":284,"column":4},"end":{"line":289,"column":null}},"88":{"start":{"line":291,"column":4},"end":{"line":291,"column":null}},"89":{"start":{"line":295,"column":4},"end":{"line":295,"column":null}},"90":{"start":{"line":297,"column":18},"end":{"line":297,"column":null}},"91":{"start":{"line":297,"column":42},"end":{"line":297,"column":53}},"92":{"start":{"line":298,"column":4},"end":{"line":300,"column":null}},"93":{"start":{"line":299,"column":6},"end":{"line":299,"column":null}},"94":{"start":{"line":302,"column":4},"end":{"line":302,"column":null}},"95":{"start":{"line":306,"column":4},"end":{"line":306,"column":null}},"96":{"start":{"line":308,"column":4},"end":{"line":319,"column":null}},"97":{"start":{"line":309,"column":20},"end":{"line":309,"column":null}},"98":{"start":{"line":309,"column":42},"end":{"line":309,"column":66}},"99":{"start":{"line":310,"column":6},"end":{"line":318,"column":null}},"100":{"start":{"line":311,"column":8},"end":{"line":316,"column":null}},"101":{"start":{"line":317,"column":8},"end":{"line":317,"column":null}},"102":{"start":{"line":321,"column":32},"end":{"line":327,"column":null}},"103":{"start":{"line":329,"column":4},"end":{"line":329,"column":null}},"104":{"start":{"line":330,"column":4},"end":{"line":330,"column":null}},"105":{"start":{"line":334,"column":4},"end":{"line":334,"column":null}},"106":{"start":{"line":335,"column":4},"end":{"line":335,"column":null}},"107":{"start":{"line":335,"column":28},"end":{"line":335,"column":37}},"108":{"start":{"line":339,"column":4},"end":{"line":339,"column":null}},"109":{"start":{"line":340,"column":18},"end":{"line":340,"column":null}},"110":{"start":{"line":340,"column":35},"end":{"line":340,"column":46}},"111":{"start":{"line":341,"column":4},"end":{"line":341,"column":null}},"112":{"start":{"line":345,"column":4},"end":{"line":345,"column":null}},"113":{"start":{"line":346,"column":4},"end":{"line":346,"column":null}},"114":{"start":{"line":346,"column":32},"end":{"line":346,"column":43}},"115":{"start":{"line":350,"column":4},"end":{"line":357,"column":null}},"116":{"start":{"line":351,"column":34},"end":{"line":351,"column":54}},"117":{"start":{"line":352,"column":36},"end":{"line":352,"column":58}},"118":{"start":{"line":353,"column":41},"end":{"line":353,"column":68}},"119":{"start":{"line":354,"column":37},"end":{"line":354,"column":60}},"120":{"start":{"line":355,"column":37},"end":{"line":355,"column":60}},"121":{"start":{"line":356,"column":36},"end":{"line":356,"column":58}},"122":{"start":{"line":361,"column":30},"end":{"line":361,"column":null}}},"fnMap":{"0":{"name":"mapDisputeToTransactionStatus","decl":{"start":{"line":11,"column":9},"end":{"line":11,"column":39}},"loc":{"start":{"line":11,"column":62},"end":{"line":25,"column":null}},"line":11},"1":{"name":"(anonymous_1)","decl":{"start":{"line":40,"column":10},"end":{"line":40,"column":41}},"loc":{"start":{"line":40,"column":41},"end":{"line":45,"column":null}},"line":40},"2":{"name":"(anonymous_2)","decl":{"start":{"line":44,"column":23},"end":{"line":44,"column":34}},"loc":{"start":{"line":44,"column":34},"end":{"line":44,"column":80}},"line":44},"3":{"name":"(anonymous_3)","decl":{"start":{"line":47,"column":10},"end":{"line":47,"column":37}},"loc":{"start":{"line":47,"column":37},"end":{"line":52,"column":null}},"line":47},"4":{"name":"(anonymous_4)","decl":{"start":{"line":54,"column":8},"end":{"line":54,"column":null}},"loc":{"start":{"line":58,"column":22},"end":{"line":99,"column":null}},"line":58},"5":{"name":"(anonymous_5)","decl":{"start":{"line":101,"column":8},"end":{"line":101,"column":null}},"loc":{"start":{"line":105,"column":41},"end":{"line":130,"column":null}},"line":105},"6":{"name":"(anonymous_6)","decl":{"start":{"line":111,"column":33},"end":{"line":111,"column":38}},"loc":{"start":{"line":111,"column":38},"end":{"line":111,"column":65}},"line":111},"7":{"name":"(anonymous_7)","decl":{"start":{"line":115,"column":33},"end":{"line":115,"column":38}},"loc":{"start":{"line":115,"column":38},"end":{"line":115,"column":73}},"line":115},"8":{"name":"(anonymous_8)","decl":{"start":{"line":132,"column":8},"end":{"line":132,"column":23}},"loc":{"start":{"line":132,"column":60},"end":{"line":137,"column":null}},"line":132},"9":{"name":"(anonymous_9)","decl":{"start":{"line":135,"column":34},"end":{"line":135,"column":39}},"loc":{"start":{"line":135,"column":39},"end":{"line":135,"column":50}},"line":135},"10":{"name":"(anonymous_10)","decl":{"start":{"line":139,"column":8},"end":{"line":139,"column":null}},"loc":{"start":{"line":143,"column":54},"end":{"line":174,"column":null}},"line":143},"11":{"name":"(anonymous_11)","decl":{"start":{"line":150,"column":37},"end":{"line":150,"column":42}},"loc":{"start":{"line":150,"column":42},"end":{"line":150,"column":53}},"line":150},"12":{"name":"(anonymous_12)","decl":{"start":{"line":176,"column":8},"end":{"line":176,"column":null}},"loc":{"start":{"line":183,"column":54},"end":{"line":274,"column":null}},"line":183},"13":{"name":"(anonymous_13)","decl":{"start":{"line":190,"column":37},"end":{"line":190,"column":42}},"loc":{"start":{"line":190,"column":42},"end":{"line":190,"column":53}},"line":190},"14":{"name":"(anonymous_14)","decl":{"start":{"line":276,"column":8},"end":{"line":276,"column":22}},"loc":{"start":{"line":276,"column":72},"end":{"line":292,"column":null}},"line":276},"15":{"name":"(anonymous_15)","decl":{"start":{"line":279,"column":37},"end":{"line":279,"column":42}},"loc":{"start":{"line":279,"column":42},"end":{"line":279,"column":53}},"line":279},"16":{"name":"(anonymous_16)","decl":{"start":{"line":294,"column":8},"end":{"line":294,"column":22}},"loc":{"start":{"line":294,"column":49},"end":{"line":303,"column":null}},"line":294},"17":{"name":"(anonymous_17)","decl":{"start":{"line":297,"column":37},"end":{"line":297,"column":42}},"loc":{"start":{"line":297,"column":42},"end":{"line":297,"column":53}},"line":297},"18":{"name":"(anonymous_18)","decl":{"start":{"line":305,"column":8},"end":{"line":305,"column":18}},"loc":{"start":{"line":305,"column":113},"end":{"line":331,"column":null}},"line":305},"19":{"name":"(anonymous_19)","decl":{"start":{"line":309,"column":37},"end":{"line":309,"column":42}},"loc":{"start":{"line":309,"column":42},"end":{"line":309,"column":66}},"line":309},"20":{"name":"(anonymous_20)","decl":{"start":{"line":333,"column":8},"end":{"line":333,"column":45}},"loc":{"start":{"line":333,"column":45},"end":{"line":336,"column":null}},"line":333},"21":{"name":"(anonymous_21)","decl":{"start":{"line":335,"column":22},"end":{"line":335,"column":28}},"loc":{"start":{"line":335,"column":28},"end":{"line":335,"column":37}},"line":335},"22":{"name":"(anonymous_22)","decl":{"start":{"line":338,"column":8},"end":{"line":338,"column":21}},"loc":{"start":{"line":338,"column":63},"end":{"line":342,"column":null}},"line":338},"23":{"name":"(anonymous_23)","decl":{"start":{"line":340,"column":30},"end":{"line":340,"column":35}},"loc":{"start":{"line":340,"column":35},"end":{"line":340,"column":46}},"line":340},"24":{"name":"(anonymous_24)","decl":{"start":{"line":344,"column":8},"end":{"line":344,"column":20}},"loc":{"start":{"line":344,"column":47},"end":{"line":347,"column":null}},"line":344},"25":{"name":"(anonymous_25)","decl":{"start":{"line":346,"column":27},"end":{"line":346,"column":32}},"loc":{"start":{"line":346,"column":32},"end":{"line":346,"column":43}},"line":346},"26":{"name":"(anonymous_26)","decl":{"start":{"line":349,"column":2},"end":{"line":349,"column":59}},"loc":{"start":{"line":349,"column":59},"end":{"line":358,"column":null}},"line":349},"27":{"name":"(anonymous_27)","decl":{"start":{"line":351,"column":29},"end":{"line":351,"column":34}},"loc":{"start":{"line":351,"column":34},"end":{"line":351,"column":54}},"line":351},"28":{"name":"(anonymous_28)","decl":{"start":{"line":352,"column":31},"end":{"line":352,"column":36}},"loc":{"start":{"line":352,"column":36},"end":{"line":352,"column":58}},"line":352},"29":{"name":"(anonymous_29)","decl":{"start":{"line":353,"column":36},"end":{"line":353,"column":41}},"loc":{"start":{"line":353,"column":41},"end":{"line":353,"column":68}},"line":353},"30":{"name":"(anonymous_30)","decl":{"start":{"line":354,"column":32},"end":{"line":354,"column":37}},"loc":{"start":{"line":354,"column":37},"end":{"line":354,"column":60}},"line":354},"31":{"name":"(anonymous_31)","decl":{"start":{"line":355,"column":32},"end":{"line":355,"column":37}},"loc":{"start":{"line":355,"column":37},"end":{"line":355,"column":60}},"line":355},"32":{"name":"(anonymous_32)","decl":{"start":{"line":356,"column":31},"end":{"line":356,"column":36}},"loc":{"start":{"line":356,"column":36},"end":{"line":356,"column":58}},"line":356}},"branchMap":{"0":{"loc":{"start":{"line":12,"column":2},"end":{"line":24,"column":null}},"type":"switch","locations":[{"start":{"line":13,"column":4},"end":{"line":13,"column":null}},{"start":{"line":14,"column":4},"end":{"line":15,"column":null}},{"start":{"line":16,"column":4},"end":{"line":17,"column":null}},{"start":{"line":18,"column":4},"end":{"line":19,"column":null}},{"start":{"line":20,"column":4},"end":{"line":21,"column":null}},{"start":{"line":22,"column":4},"end":{"line":23,"column":null}}],"line":12},"1":{"loc":{"start":{"line":41,"column":4},"end":{"line":43,"column":null}},"type":"if","locations":[{"start":{"line":41,"column":4},"end":{"line":43,"column":null}},{"start":{},"end":{}}],"line":41},"2":{"loc":{"start":{"line":48,"column":4},"end":{"line":50,"column":null}},"type":"if","locations":[{"start":{"line":48,"column":4},"end":{"line":50,"column":null}},{"start":{},"end":{}}],"line":48},"3":{"loc":{"start":{"line":57,"column":4},"end":{"line":57,"column":null}},"type":"default-arg","locations":[{"start":{"line":57,"column":23},"end":{"line":57,"column":null}}],"line":57},"4":{"loc":{"start":{"line":61,"column":4},"end":{"line":63,"column":null}},"type":"if","locations":[{"start":{"line":61,"column":4},"end":{"line":63,"column":null}},{"start":{},"end":{}}],"line":61},"5":{"loc":{"start":{"line":66,"column":4},"end":{"line":68,"column":null}},"type":"if","locations":[{"start":{"line":66,"column":4},"end":{"line":68,"column":null}},{"start":{},"end":{}}],"line":66},"6":{"loc":{"start":{"line":80,"column":14},"end":{"line":80,"column":null}},"type":"cond-expr","locations":[{"start":{"line":80,"column":24},"end":{"line":80,"column":34}},{"start":{"line":80,"column":34},"end":{"line":80,"column":null}}],"line":80},"7":{"loc":{"start":{"line":90,"column":16},"end":{"line":90,"column":null}},"type":"binary-expr","locations":[{"start":{"line":90,"column":16},"end":{"line":90,"column":33}},{"start":{"line":90,"column":33},"end":{"line":90,"column":null}}],"line":90},"8":{"loc":{"start":{"line":102,"column":4},"end":{"line":102,"column":null}},"type":"default-arg","locations":[{"start":{"line":102,"column":19},"end":{"line":102,"column":null}}],"line":102},"9":{"loc":{"start":{"line":103,"column":4},"end":{"line":103,"column":null}},"type":"default-arg","locations":[{"start":{"line":103,"column":23},"end":{"line":103,"column":null}}],"line":103},"10":{"loc":{"start":{"line":110,"column":4},"end":{"line":112,"column":null}},"type":"if","locations":[{"start":{"line":110,"column":4},"end":{"line":112,"column":null}},{"start":{},"end":{}}],"line":110},"11":{"loc":{"start":{"line":114,"column":4},"end":{"line":116,"column":null}},"type":"if","locations":[{"start":{"line":114,"column":4},"end":{"line":116,"column":null}},{"start":{},"end":{}}],"line":114},"12":{"loc":{"start":{"line":136,"column":11},"end":{"line":136,"column":null}},"type":"cond-expr","locations":[{"start":{"line":136,"column":21},"end":{"line":136,"column":38}},{"start":{"line":136,"column":38},"end":{"line":136,"column":null}}],"line":136},"13":{"loc":{"start":{"line":146,"column":4},"end":{"line":148,"column":null}},"type":"if","locations":[{"start":{"line":146,"column":4},"end":{"line":148,"column":null}},{"start":{},"end":{}}],"line":146},"14":{"loc":{"start":{"line":151,"column":4},"end":{"line":153,"column":null}},"type":"if","locations":[{"start":{"line":151,"column":4},"end":{"line":153,"column":null}},{"start":{},"end":{}}],"line":151},"15":{"loc":{"start":{"line":158,"column":4},"end":{"line":163,"column":null}},"type":"if","locations":[{"start":{"line":158,"column":4},"end":{"line":163,"column":null}},{"start":{},"end":{}}],"line":158},"16":{"loc":{"start":{"line":186,"column":4},"end":{"line":188,"column":null}},"type":"if","locations":[{"start":{"line":186,"column":4},"end":{"line":188,"column":null}},{"start":{},"end":{}}],"line":186},"17":{"loc":{"start":{"line":191,"column":4},"end":{"line":193,"column":null}},"type":"if","locations":[{"start":{"line":191,"column":4},"end":{"line":193,"column":null}},{"start":{},"end":{}}],"line":191},"18":{"loc":{"start":{"line":198,"column":4},"end":{"line":200,"column":null}},"type":"if","locations":[{"start":{"line":198,"column":4},"end":{"line":200,"column":null}},{"start":{},"end":{}}],"line":198},"19":{"loc":{"start":{"line":198,"column":8},"end":{"line":198,"column":78}},"type":"binary-expr","locations":[{"start":{"line":198,"column":8},"end":{"line":198,"column":41}},{"start":{"line":198,"column":41},"end":{"line":198,"column":78}}],"line":198},"20":{"loc":{"start":{"line":232,"column":4},"end":{"line":236,"column":null}},"type":"if","locations":[{"start":{"line":232,"column":4},"end":{"line":236,"column":null}},{"start":{},"end":{}}],"line":232},"21":{"loc":{"start":{"line":232,"column":8},"end":{"line":232,"column":89}},"type":"binary-expr","locations":[{"start":{"line":232,"column":8},"end":{"line":232,"column":36}},{"start":{"line":232,"column":36},"end":{"line":232,"column":64}},{"start":{"line":232,"column":64},"end":{"line":232,"column":89}}],"line":232},"22":{"loc":{"start":{"line":238,"column":4},"end":{"line":240,"column":null}},"type":"if","locations":[{"start":{"line":238,"column":4},"end":{"line":240,"column":null}},{"start":{},"end":{}}],"line":238},"23":{"loc":{"start":{"line":256,"column":24},"end":{"line":256,"column":null}},"type":"binary-expr","locations":[{"start":{"line":256,"column":24},"end":{"line":256,"column":42}},{"start":{"line":256,"column":42},"end":{"line":256,"column":null}}],"line":256},"24":{"loc":{"start":{"line":266,"column":4},"end":{"line":271,"column":null}},"type":"if","locations":[{"start":{"line":266,"column":4},"end":{"line":271,"column":null}},{"start":{},"end":{}}],"line":266},"25":{"loc":{"start":{"line":280,"column":4},"end":{"line":282,"column":null}},"type":"if","locations":[{"start":{"line":280,"column":4},"end":{"line":282,"column":null}},{"start":{},"end":{}}],"line":280},"26":{"loc":{"start":{"line":298,"column":4},"end":{"line":300,"column":null}},"type":"if","locations":[{"start":{"line":298,"column":4},"end":{"line":300,"column":null}},{"start":{},"end":{}}],"line":298},"27":{"loc":{"start":{"line":308,"column":4},"end":{"line":319,"column":null}},"type":"if","locations":[{"start":{"line":308,"column":4},"end":{"line":319,"column":null}},{"start":{},"end":{}}],"line":308},"28":{"loc":{"start":{"line":310,"column":6},"end":{"line":318,"column":null}},"type":"if","locations":[{"start":{"line":310,"column":6},"end":{"line":318,"column":null}},{"start":{},"end":{}}],"line":310},"29":{"loc":{"start":{"line":341,"column":11},"end":{"line":341,"column":null}},"type":"cond-expr","locations":[{"start":{"line":341,"column":19},"end":{"line":341,"column":34}},{"start":{"line":341,"column":34},"end":{"line":341,"column":null}}],"line":341}},"s":{"0":20,"1":9,"2":5,"3":3,"4":3,"5":0,"6":3,"7":3,"8":3,"9":3,"10":19,"11":19,"12":0,"13":0,"14":19,"15":19,"16":0,"17":17,"18":17,"19":0,"20":17,"21":17,"22":0,"23":17,"24":17,"25":17,"26":17,"27":17,"28":1,"29":1,"30":1,"31":1,"32":3,"33":1,"34":0,"35":0,"36":1,"37":1,"38":1,"39":1,"40":1,"41":2,"42":2,"43":10,"44":2,"45":1,"46":1,"47":0,"48":1,"49":1,"50":1,"51":0,"52":1,"53":1,"54":1,"55":0,"56":0,"57":0,"58":20,"59":20,"60":0,"61":20,"62":20,"63":20,"64":0,"65":20,"66":20,"67":0,"68":20,"69":20,"70":11,"71":11,"72":11,"73":20,"74":5,"75":20,"76":20,"77":20,"78":20,"79":20,"80":20,"81":20,"82":1,"83":1,"84":1,"85":1,"86":0,"87":1,"88":1,"89":1,"90":1,"91":1,"92":1,"93":0,"94":1,"95":1,"96":1,"97":0,"98":0,"99":0,"100":0,"101":0,"102":1,"103":1,"104":1,"105":0,"106":0,"107":0,"108":1,"109":1,"110":1,"111":1,"112":0,"113":0,"114":0,"115":1,"116":9,"117":9,"118":9,"119":9,"120":9,"121":9,"122":3},"f":{"0":20,"1":19,"2":0,"3":19,"4":17,"5":1,"6":3,"7":0,"8":2,"9":10,"10":1,"11":1,"12":20,"13":20,"14":1,"15":1,"16":1,"17":1,"18":1,"19":0,"20":0,"21":0,"22":1,"23":1,"24":0,"25":0,"26":1,"27":9,"28":9,"29":9,"30":9,"31":9,"32":9},"b":{"0":[0,9,5,3,3,0],"1":[19,0],"2":[19,0],"3":[17],"4":[0,17],"5":[0,17],"6":[0,17],"7":[17,0],"8":[1],"9":[1],"10":[1,0],"11":[0,1],"12":[1,1],"13":[0,1],"14":[0,1],"15":[1,0],"16":[0,20],"17":[0,20],"18":[0,20],"19":[20,20],"20":[11,9],"21":[20,15,12],"22":[5,15],"23":[20,15],"24":[20,0],"25":[0,1],"26":[0,1],"27":[0,1],"28":[0,0],"29":[1,0]},"meta":{"lastBranch":30,"lastFunction":33,"lastStatement":123,"seen":{"f:11:9:11:39":0,"b:13:4:13:Infinity:14:4:15:Infinity:16:4:17:Infinity:18:4:19:Infinity:20:4:21:Infinity:22:4:23:Infinity":0,"s:12:2:24:Infinity":0,"s:15:6:15:Infinity":1,"s:17:6:17:Infinity":2,"s:19:6:19:Infinity":3,"s:21:6:21:Infinity":4,"s:23:6:23:Infinity":5,"s:27:26:27:Infinity":6,"s:28:29:28:Infinity":7,"s:29:23:29:Infinity":8,"s:30:21:30:Infinity":9,"f:40:10:40:41":1,"b:41:4:43:Infinity:undefined:undefined:undefined:undefined":1,"s:41:4:43:Infinity":10,"s:42:6:42:Infinity":11,"s:44:4:44:Infinity":12,"f:44:23:44:34":2,"s:44:34:44:80":13,"f:47:10:47:37":3,"b:48:4:50:Infinity:undefined:undefined:undefined:undefined":2,"s:48:4:50:Infinity":14,"s:49:6:49:Infinity":15,"s:51:4:51:Infinity":16,"f:54:8:54:Infinity":4,"b:57:23:57:Infinity":3,"s:59:4:59:Infinity":17,"b:61:4:63:Infinity:undefined:undefined:undefined:undefined":4,"s:61:4:63:Infinity":18,"s:62:6:62:Infinity":19,"s:65:24:65:Infinity":20,"b:66:4:68:Infinity:undefined:undefined:undefined:undefined":5,"s:66:4:68:Infinity":21,"s:67:6:67:Infinity":22,"s:70:4:73:Infinity":23,"s:75:16:75:Infinity":24,"s:76:29:95:Infinity":25,"b:80:24:80:34:80:34:80:Infinity":6,"b:90:16:90:33:90:33:90:Infinity":7,"s:97:4:97:Infinity":26,"s:98:4:98:Infinity":27,"f:101:8:101:Infinity":5,"b:102:19:102:Infinity":8,"b:103:23:103:Infinity":9,"s:106:4:106:Infinity":28,"s:108:19:108:Infinity":29,"b:110:4:112:Infinity:undefined:undefined:undefined:undefined":10,"s:110:4:112:Infinity":30,"s:111:6:111:Infinity":31,"f:111:33:111:38":6,"s:111:38:111:65":32,"b:114:4:116:Infinity:undefined:undefined:undefined:undefined":11,"s:114:4:116:Infinity":33,"s:115:6:115:Infinity":34,"f:115:33:115:38":7,"s:115:38:115:73":35,"s:118:18:118:Infinity":36,"s:119:23:119:Infinity":37,"s:120:10:120:Infinity":38,"s:121:17:121:Infinity":39,"s:123:4:129:Infinity":40,"f:132:8:132:23":8,"s:133:4:133:Infinity":41,"s:135:20:135:Infinity":42,"f:135:34:135:39":9,"s:135:39:135:50":43,"s:136:4:136:Infinity":44,"b:136:21:136:38:136:38:136:Infinity":12,"f:139:8:139:Infinity":10,"s:144:4:144:Infinity":45,"b:146:4:148:Infinity:undefined:undefined:undefined:undefined":13,"s:146:4:148:Infinity":46,"s:147:6:147:Infinity":47,"s:150:18:150:Infinity":48,"f:150:37:150:42":11,"s:150:42:150:53":49,"b:151:4:153:Infinity:undefined:undefined:undefined:undefined":14,"s:151:4:153:Infinity":50,"s:152:6:152:Infinity":51,"s:155:20:155:Infinity":52,"b:158:4:163:Infinity:undefined:undefined:undefined:undefined":15,"s:158:4:163:Infinity":53,"s:159:6:162:Infinity":54,"s:165:29:170:Infinity":55,"s:172:4:172:Infinity":56,"s:173:4:173:Infinity":57,"f:176:8:176:Infinity":12,"s:184:4:184:Infinity":58,"b:186:4:188:Infinity:undefined:undefined:undefined:undefined":16,"s:186:4:188:Infinity":59,"s:187:6:187:Infinity":60,"s:190:18:190:Infinity":61,"f:190:37:190:42":13,"s:190:42:190:53":62,"b:191:4:193:Infinity:undefined:undefined:undefined:undefined":17,"s:191:4:193:Infinity":63,"s:192:6:192:Infinity":64,"s:195:20:195:Infinity":65,"b:198:4:200:Infinity:undefined:undefined:undefined:undefined":18,"s:198:4:200:Infinity":66,"b:198:8:198:41:198:41:198:78":19,"s:199:6:199:Infinity":67,"s:202:38:206:Infinity":68,"b:232:4:236:Infinity:undefined:undefined:undefined:undefined":20,"s:232:4:236:Infinity":69,"b:232:8:232:36:232:36:232:64:232:64:232:89":21,"s:233:6:233:Infinity":70,"s:234:6:234:Infinity":71,"s:235:6:235:Infinity":72,"b:238:4:240:Infinity:undefined:undefined:undefined:undefined":22,"s:238:4:240:Infinity":73,"s:239:6:239:Infinity":74,"s:242:20:242:Infinity":75,"s:243:4:243:Infinity":76,"s:244:4:260:Infinity":77,"b:256:24:256:42:256:42:256:Infinity":23,"s:264:25:264:Infinity":78,"b:266:4:271:Infinity:undefined:undefined:undefined:undefined":24,"s:266:4:271:Infinity":79,"s:267:6:270:Infinity":80,"s:273:4:273:Infinity":81,"f:276:8:276:22":14,"s:277:4:277:Infinity":82,"s:279:18:279:Infinity":83,"f:279:37:279:42":15,"s:279:42:279:53":84,"b:280:4:282:Infinity:undefined:undefined:undefined:undefined":25,"s:280:4:282:Infinity":85,"s:281:6:281:Infinity":86,"s:284:4:289:Infinity":87,"s:291:4:291:Infinity":88,"f:294:8:294:22":16,"s:295:4:295:Infinity":89,"s:297:18:297:Infinity":90,"f:297:37:297:42":17,"s:297:42:297:53":91,"b:298:4:300:Infinity:undefined:undefined:undefined:undefined":26,"s:298:4:300:Infinity":92,"s:299:6:299:Infinity":93,"s:302:4:302:Infinity":94,"f:305:8:305:18":18,"s:306:4:306:Infinity":95,"b:308:4:319:Infinity:undefined:undefined:undefined:undefined":27,"s:308:4:319:Infinity":96,"s:309:20:309:Infinity":97,"f:309:37:309:42":19,"s:309:42:309:66":98,"b:310:6:318:Infinity:undefined:undefined:undefined:undefined":28,"s:310:6:318:Infinity":99,"s:311:8:316:Infinity":100,"s:317:8:317:Infinity":101,"s:321:32:327:Infinity":102,"s:329:4:329:Infinity":103,"s:330:4:330:Infinity":104,"f:333:8:333:45":20,"s:334:4:334:Infinity":105,"s:335:4:335:Infinity":106,"f:335:22:335:28":21,"s:335:28:335:37":107,"f:338:8:338:21":22,"s:339:4:339:Infinity":108,"s:340:18:340:Infinity":109,"f:340:30:340:35":23,"s:340:35:340:46":110,"s:341:4:341:Infinity":111,"b:341:19:341:34:341:34:341:Infinity":29,"f:344:8:344:20":24,"s:345:4:345:Infinity":112,"s:346:4:346:Infinity":113,"f:346:27:346:32":25,"s:346:32:346:43":114,"f:349:2:349:59":26,"s:350:4:357:Infinity":115,"f:351:29:351:34":27,"s:351:34:351:54":116,"f:352:31:352:36":28,"s:352:36:352:58":117,"f:353:36:353:41":29,"s:353:41:353:68":118,"f:354:32:354:37":30,"s:354:37:354:60":119,"f:355:32:355:37":31,"s:355:37:355:60":120,"f:356:31:356:36":32,"s:356:36:356:58":121,"s:361:30:361:Infinity":122}}}
,"C:\\Users\\a.palagiri\\projectweek\\fintechtransactionwk\\src\\modules\\fintech\\services\\transactionService.ts": {"path":"C:\\Users\\a.palagiri\\projectweek\\fintechtransactionwk\\src\\modules\\fintech\\services\\transactionService.ts","statementMap":{"0":{"start":{"line":9,"column":18},"end":{"line":12,"column":null}},"1":{"start":{"line":14,"column":20},"end":{"line":14,"column":null}},"2":{"start":{"line":15,"column":19},"end":{"line":15,"column":null}},"3":{"start":{"line":18,"column":38},"end":{"line":18,"column":null}},"4":{"start":{"line":19,"column":14},"end":{"line":19,"column":null}},"5":{"start":{"line":20,"column":24},"end":{"line":20,"column":null}},"6":{"start":{"line":22,"column":40},"end":{"line":22,"column":null}},"7":{"start":{"line":23,"column":35},"end":{"line":23,"column":null}},"8":{"start":{"line":25,"column":2},"end":{"line":44,"column":null}},"9":{"start":{"line":25,"column":15},"end":{"line":25,"column":18}},"10":{"start":{"line":26,"column":22},"end":{"line":26,"column":null}},"11":{"start":{"line":27,"column":21},"end":{"line":27,"column":null}},"12":{"start":{"line":28,"column":21},"end":{"line":28,"column":null}},"13":{"start":{"line":30,"column":4},"end":{"line":43,"column":null}},"14":{"start":{"line":46,"column":2},"end":{"line":46,"column":null}},"15":{"start":{"line":46,"column":37},"end":{"line":46,"column":62}},"16":{"start":{"line":49,"column":26},"end":{"line":49,"column":null}},"17":{"start":{"line":53,"column":4},"end":{"line":55,"column":null}},"18":{"start":{"line":54,"column":6},"end":{"line":54,"column":null}},"19":{"start":{"line":56,"column":4},"end":{"line":56,"column":null}},"20":{"start":{"line":56,"column":34},"end":{"line":56,"column":80}},"21":{"start":{"line":60,"column":4},"end":{"line":62,"column":null}},"22":{"start":{"line":61,"column":6},"end":{"line":61,"column":null}},"23":{"start":{"line":63,"column":4},"end":{"line":63,"column":null}},"24":{"start":{"line":72,"column":4},"end":{"line":72,"column":null}},"25":{"start":{"line":74,"column":4},"end":{"line":76,"column":null}},"26":{"start":{"line":75,"column":6},"end":{"line":75,"column":null}},"27":{"start":{"line":78,"column":19},"end":{"line":78,"column":null}},"28":{"start":{"line":81,"column":4},"end":{"line":85,"column":null}},"29":{"start":{"line":82,"column":6},"end":{"line":84,"column":null}},"30":{"start":{"line":83,"column":8},"end":{"line":83,"column":null}},"31":{"start":{"line":87,"column":4},"end":{"line":91,"column":null}},"32":{"start":{"line":88,"column":6},"end":{"line":90,"column":null}},"33":{"start":{"line":89,"column":8},"end":{"line":89,"column":null}},"34":{"start":{"line":93,"column":4},"end":{"line":97,"column":null}},"35":{"start":{"line":94,"column":6},"end":{"line":96,"column":null}},"36":{"start":{"line":95,"column":8},"end":{"line":95,"column":null}},"37":{"start":{"line":99,"column":4},"end":{"line":102,"column":null}},"38":{"start":{"line":100,"column":23},"end":{"line":100,"column":null}},"39":{"start":{"line":101,"column":6},"end":{"line":101,"column":null}},"40":{"start":{"line":101,"column":38},"end":{"line":101,"column":61}},"41":{"start":{"line":104,"column":4},"end":{"line":107,"column":null}},"42":{"start":{"line":105,"column":21},"end":{"line":105,"column":null}},"43":{"start":{"line":106,"column":6},"end":{"line":106,"column":null}},"44":{"start":{"line":106,"column":38},"end":{"line":106,"column":59}},"45":{"start":{"line":109,"column":4},"end":{"line":111,"column":null}},"46":{"start":{"line":110,"column":6},"end":{"line":110,"column":null}},"47":{"start":{"line":110,"column":38},"end":{"line":110,"column":64}},"48":{"start":{"line":113,"column":4},"end":{"line":115,"column":null}},"49":{"start":{"line":114,"column":6},"end":{"line":114,"column":null}},"50":{"start":{"line":114,"column":38},"end":{"line":114,"column":60}},"51":{"start":{"line":117,"column":4},"end":{"line":119,"column":null}},"52":{"start":{"line":118,"column":6},"end":{"line":118,"column":null}},"53":{"start":{"line":118,"column":38},"end":{"line":118,"column":67}},"54":{"start":{"line":121,"column":4},"end":{"line":123,"column":null}},"55":{"start":{"line":122,"column":6},"end":{"line":122,"column":null}},"56":{"start":{"line":122,"column":38},"end":{"line":122,"column":67}},"57":{"start":{"line":126,"column":18},"end":{"line":126,"column":null}},"58":{"start":{"line":127,"column":23},"end":{"line":127,"column":null}},"59":{"start":{"line":128,"column":10},"end":{"line":128,"column":null}},"60":{"start":{"line":129,"column":17},"end":{"line":129,"column":null}},"61":{"start":{"line":131,"column":4},"end":{"line":137,"column":null}},"62":{"start":{"line":141,"column":4},"end":{"line":141,"column":null}},"63":{"start":{"line":143,"column":4},"end":{"line":145,"column":null}},"64":{"start":{"line":144,"column":6},"end":{"line":144,"column":null}},"65":{"start":{"line":147,"column":4},"end":{"line":147,"column":null}},"66":{"start":{"line":147,"column":39},"end":{"line":147,"column":50}},"67":{"start":{"line":151,"column":4},"end":{"line":151,"column":null}},"68":{"start":{"line":153,"column":4},"end":{"line":153,"column":null}},"69":{"start":{"line":153,"column":41},"end":{"line":153,"column":59}},"70":{"start":{"line":160,"column":4},"end":{"line":160,"column":null}},"71":{"start":{"line":162,"column":16},"end":{"line":162,"column":null}},"72":{"start":{"line":162,"column":44},"end":{"line":162,"column":66}},"73":{"start":{"line":163,"column":4},"end":{"line":165,"column":null}},"74":{"start":{"line":164,"column":6},"end":{"line":164,"column":null}},"75":{"start":{"line":170,"column":34},"end":{"line":170,"column":null}}},"fnMap":{"0":{"name":"generateMockTransactions","decl":{"start":{"line":17,"column":9},"end":{"line":17,"column":34}},"loc":{"start":{"line":17,"column":64},"end":{"line":47,"column":null}},"line":17},"1":{"name":"(anonymous_1)","decl":{"start":{"line":46,"column":27},"end":{"line":46,"column":28}},"loc":{"start":{"line":46,"column":37},"end":{"line":46,"column":62}},"line":46},"2":{"name":"(anonymous_2)","decl":{"start":{"line":52,"column":10},"end":{"line":52,"column":41}},"loc":{"start":{"line":52,"column":41},"end":{"line":57,"column":null}},"line":52},"3":{"name":"(anonymous_3)","decl":{"start":{"line":56,"column":23},"end":{"line":56,"column":34}},"loc":{"start":{"line":56,"column":34},"end":{"line":56,"column":80}},"line":56},"4":{"name":"(anonymous_4)","decl":{"start":{"line":59,"column":10},"end":{"line":59,"column":37}},"loc":{"start":{"line":59,"column":37},"end":{"line":64,"column":null}},"line":59},"5":{"name":"(anonymous_5)","decl":{"start":{"line":67,"column":8},"end":{"line":67,"column":null}},"loc":{"start":{"line":71,"column":45},"end":{"line":138,"column":null}},"line":71},"6":{"name":"(anonymous_6)","decl":{"start":{"line":82,"column":33},"end":{"line":82,"column":null}},"loc":{"start":{"line":83,"column":8},"end":{"line":83,"column":null}},"line":83},"7":{"name":"(anonymous_7)","decl":{"start":{"line":88,"column":33},"end":{"line":88,"column":null}},"loc":{"start":{"line":89,"column":8},"end":{"line":89,"column":null}},"line":89},"8":{"name":"(anonymous_8)","decl":{"start":{"line":94,"column":33},"end":{"line":94,"column":null}},"loc":{"start":{"line":95,"column":8},"end":{"line":95,"column":null}},"line":95},"9":{"name":"(anonymous_9)","decl":{"start":{"line":101,"column":33},"end":{"line":101,"column":38}},"loc":{"start":{"line":101,"column":38},"end":{"line":101,"column":61}},"line":101},"10":{"name":"(anonymous_10)","decl":{"start":{"line":106,"column":33},"end":{"line":106,"column":38}},"loc":{"start":{"line":106,"column":38},"end":{"line":106,"column":59}},"line":106},"11":{"name":"(anonymous_11)","decl":{"start":{"line":110,"column":33},"end":{"line":110,"column":38}},"loc":{"start":{"line":110,"column":38},"end":{"line":110,"column":64}},"line":110},"12":{"name":"(anonymous_12)","decl":{"start":{"line":114,"column":33},"end":{"line":114,"column":38}},"loc":{"start":{"line":114,"column":38},"end":{"line":114,"column":60}},"line":114},"13":{"name":"(anonymous_13)","decl":{"start":{"line":118,"column":33},"end":{"line":118,"column":38}},"loc":{"start":{"line":118,"column":38},"end":{"line":118,"column":67}},"line":118},"14":{"name":"(anonymous_14)","decl":{"start":{"line":122,"column":33},"end":{"line":122,"column":38}},"loc":{"start":{"line":122,"column":38},"end":{"line":122,"column":67}},"line":122},"15":{"name":"(anonymous_15)","decl":{"start":{"line":140,"column":8},"end":{"line":140,"column":27}},"loc":{"start":{"line":140,"column":68},"end":{"line":148,"column":null}},"line":140},"16":{"name":"(anonymous_16)","decl":{"start":{"line":147,"column":34},"end":{"line":147,"column":39}},"loc":{"start":{"line":147,"column":39},"end":{"line":147,"column":50}},"line":147},"17":{"name":"(anonymous_17)","decl":{"start":{"line":150,"column":8},"end":{"line":150,"column":29}},"loc":{"start":{"line":150,"column":68},"end":{"line":154,"column":null}},"line":150},"18":{"name":"(anonymous_18)","decl":{"start":{"line":153,"column":36},"end":{"line":153,"column":41}},"loc":{"start":{"line":153,"column":41},"end":{"line":153,"column":59}},"line":153},"19":{"name":"(anonymous_19)","decl":{"start":{"line":156,"column":8},"end":{"line":156,"column":null}},"loc":{"start":{"line":159,"column":19},"end":{"line":166,"column":null}},"line":159},"20":{"name":"(anonymous_20)","decl":{"start":{"line":162,"column":39},"end":{"line":162,"column":44}},"loc":{"start":{"line":162,"column":44},"end":{"line":162,"column":66}},"line":162}},"branchMap":{"0":{"loc":{"start":{"line":53,"column":4},"end":{"line":55,"column":null}},"type":"if","locations":[{"start":{"line":53,"column":4},"end":{"line":55,"column":null}},{"start":{},"end":{}}],"line":53},"1":{"loc":{"start":{"line":60,"column":4},"end":{"line":62,"column":null}},"type":"if","locations":[{"start":{"line":60,"column":4},"end":{"line":62,"column":null}},{"start":{},"end":{}}],"line":60},"2":{"loc":{"start":{"line":69,"column":4},"end":{"line":69,"column":null}},"type":"default-arg","locations":[{"start":{"line":69,"column":19},"end":{"line":69,"column":null}}],"line":69},"3":{"loc":{"start":{"line":70,"column":4},"end":{"line":70,"column":null}},"type":"default-arg","locations":[{"start":{"line":70,"column":23},"end":{"line":70,"column":null}}],"line":70},"4":{"loc":{"start":{"line":74,"column":4},"end":{"line":76,"column":null}},"type":"if","locations":[{"start":{"line":74,"column":4},"end":{"line":76,"column":null}},{"start":{},"end":{}}],"line":74},"5":{"loc":{"start":{"line":81,"column":4},"end":{"line":85,"column":null}},"type":"if","locations":[{"start":{"line":81,"column":4},"end":{"line":85,"column":null}},{"start":{},"end":{}}],"line":81},"6":{"loc":{"start":{"line":87,"column":4},"end":{"line":91,"column":null}},"type":"if","locations":[{"start":{"line":87,"column":4},"end":{"line":91,"column":null}},{"start":{},"end":{}}],"line":87},"7":{"loc":{"start":{"line":93,"column":4},"end":{"line":97,"column":null}},"type":"if","locations":[{"start":{"line":93,"column":4},"end":{"line":97,"column":null}},{"start":{},"end":{}}],"line":93},"8":{"loc":{"start":{"line":99,"column":4},"end":{"line":102,"column":null}},"type":"if","locations":[{"start":{"line":99,"column":4},"end":{"line":102,"column":null}},{"start":{},"end":{}}],"line":99},"9":{"loc":{"start":{"line":104,"column":4},"end":{"line":107,"column":null}},"type":"if","locations":[{"start":{"line":104,"column":4},"end":{"line":107,"column":null}},{"start":{},"end":{}}],"line":104},"10":{"loc":{"start":{"line":109,"column":4},"end":{"line":111,"column":null}},"type":"if","locations":[{"start":{"line":109,"column":4},"end":{"line":111,"column":null}},{"start":{},"end":{}}],"line":109},"11":{"loc":{"start":{"line":113,"column":4},"end":{"line":115,"column":null}},"type":"if","locations":[{"start":{"line":113,"column":4},"end":{"line":115,"column":null}},{"start":{},"end":{}}],"line":113},"12":{"loc":{"start":{"line":117,"column":4},"end":{"line":119,"column":null}},"type":"if","locations":[{"start":{"line":117,"column":4},"end":{"line":119,"column":null}},{"start":{},"end":{}}],"line":117},"13":{"loc":{"start":{"line":121,"column":4},"end":{"line":123,"column":null}},"type":"if","locations":[{"start":{"line":121,"column":4},"end":{"line":123,"column":null}},{"start":{},"end":{}}],"line":121},"14":{"loc":{"start":{"line":143,"column":4},"end":{"line":145,"column":null}},"type":"if","locations":[{"start":{"line":143,"column":4},"end":{"line":145,"column":null}},{"start":{},"end":{}}],"line":143},"15":{"loc":{"start":{"line":147,"column":11},"end":{"line":147,"column":null}},"type":"binary-expr","locations":[{"start":{"line":147,"column":11},"end":{"line":147,"column":55}},{"start":{"line":147,"column":55},"end":{"line":147,"column":null}}],"line":147},"16":{"loc":{"start":{"line":163,"column":4},"end":{"line":165,"column":null}},"type":"if","locations":[{"start":{"line":163,"column":4},"end":{"line":165,"column":null}},{"start":{},"end":{}}],"line":163}},"s":{"0":3,"1":3,"2":3,"3":3,"4":3,"5":3,"6":3,"7":3,"8":3,"9":3,"10":600,"11":600,"12":600,"13":600,"14":3,"15":3810,"16":3,"17":30,"18":30,"19":0,"20":0,"21":25,"22":25,"23":0,"24":0,"25":0,"26":0,"27":0,"28":0,"29":0,"30":0,"31":0,"32":0,"33":0,"34":0,"35":0,"36":0,"37":0,"38":0,"39":0,"40":0,"41":0,"42":0,"43":0,"44":0,"45":0,"46":0,"47":0,"48":0,"49":0,"50":0,"51":0,"52":0,"53":0,"54":0,"55":0,"56":0,"57":0,"58":0,"59":0,"60":0,"61":0,"62":25,"63":25,"64":0,"65":25,"66":2753,"67":0,"68":0,"69":0,"70":37,"71":37,"72":3667,"73":37,"74":37,"75":3},"f":{"0":3,"1":3810,"2":30,"3":0,"4":25,"5":0,"6":0,"7":0,"8":0,"9":0,"10":0,"11":0,"12":0,"13":0,"14":0,"15":25,"16":2753,"17":0,"18":0,"19":37,"20":3667},"b":{"0":[30,0],"1":[25,0],"2":[0],"3":[0],"4":[0,0],"5":[0,0],"6":[0,0],"7":[0,0],"8":[0,0],"9":[0,0],"10":[0,0],"11":[0,0],"12":[0,0],"13":[0,0],"14":[0,25],"15":[25,0],"16":[37,0]},"meta":{"lastBranch":17,"lastFunction":21,"lastStatement":76,"seen":{"s:9:18:12:Infinity":0,"s:14:20:14:Infinity":1,"s:15:19:15:Infinity":2,"f:17:9:17:34":0,"s:18:38:18:Infinity":3,"s:19:14:19:Infinity":4,"s:20:24:20:Infinity":5,"s:22:40:22:Infinity":6,"s:23:35:23:Infinity":7,"s:25:2:44:Infinity":8,"s:25:15:25:18":9,"s:26:22:26:Infinity":10,"s:27:21:27:Infinity":11,"s:28:21:28:Infinity":12,"s:30:4:43:Infinity":13,"s:46:2:46:Infinity":14,"f:46:27:46:28":1,"s:46:37:46:62":15,"s:49:26:49:Infinity":16,"f:52:10:52:41":2,"b:53:4:55:Infinity:undefined:undefined:undefined:undefined":0,"s:53:4:55:Infinity":17,"s:54:6:54:Infinity":18,"s:56:4:56:Infinity":19,"f:56:23:56:34":3,"s:56:34:56:80":20,"f:59:10:59:37":4,"b:60:4:62:Infinity:undefined:undefined:undefined:undefined":1,"s:60:4:62:Infinity":21,"s:61:6:61:Infinity":22,"s:63:4:63:Infinity":23,"f:67:8:67:Infinity":5,"b:69:19:69:Infinity":2,"b:70:23:70:Infinity":3,"s:72:4:72:Infinity":24,"b:74:4:76:Infinity:undefined:undefined:undefined:undefined":4,"s:74:4:76:Infinity":25,"s:75:6:75:Infinity":26,"s:78:19:78:Infinity":27,"b:81:4:85:Infinity:undefined:undefined:undefined:undefined":5,"s:81:4:85:Infinity":28,"s:82:6:84:Infinity":29,"f:82:33:82:Infinity":6,"s:83:8:83:Infinity":30,"b:87:4:91:Infinity:undefined:undefined:undefined:undefined":6,"s:87:4:91:Infinity":31,"s:88:6:90:Infinity":32,"f:88:33:88:Infinity":7,"s:89:8:89:Infinity":33,"b:93:4:97:Infinity:undefined:undefined:undefined:undefined":7,"s:93:4:97:Infinity":34,"s:94:6:96:Infinity":35,"f:94:33:94:Infinity":8,"s:95:8:95:Infinity":36,"b:99:4:102:Infinity:undefined:undefined:undefined:undefined":8,"s:99:4:102:Infinity":37,"s:100:23:100:Infinity":38,"s:101:6:101:Infinity":39,"f:101:33:101:38":9,"s:101:38:101:61":40,"b:104:4:107:Infinity:undefined:undefined:undefined:undefined":9,"s:104:4:107:Infinity":41,"s:105:21:105:Infinity":42,"s:106:6:106:Infinity":43,"f:106:33:106:38":10,"s:106:38:106:59":44,"b:109:4:111:Infinity:undefined:undefined:undefined:undefined":10,"s:109:4:111:Infinity":45,"s:110:6:110:Infinity":46,"f:110:33:110:38":11,"s:110:38:110:64":47,"b:113:4:115:Infinity:undefined:undefined:undefined:undefined":11,"s:113:4:115:Infinity":48,"s:114:6:114:Infinity":49,"f:114:33:114:38":12,"s:114:38:114:60":50,"b:117:4:119:Infinity:undefined:undefined:undefined:undefined":12,"s:117:4:119:Infinity":51,"s:118:6:118:Infinity":52,"f:118:33:118:38":13,"s:118:38:118:67":53,"b:121:4:123:Infinity:undefined:undefined:undefined:undefined":13,"s:121:4:123:Infinity":54,"s:122:6:122:Infinity":55,"f:122:33:122:38":14,"s:122:38:122:67":56,"s:126:18:126:Infinity":57,"s:127:23:127:Infinity":58,"s:128:10:128:Infinity":59,"s:129:17:129:Infinity":60,"s:131:4:137:Infinity":61,"f:140:8:140:27":15,"s:141:4:141:Infinity":62,"b:143:4:145:Infinity:undefined:undefined:undefined:undefined":14,"s:143:4:145:Infinity":63,"s:144:6:144:Infinity":64,"s:147:4:147:Infinity":65,"b:147:11:147:55:147:55:147:Infinity":15,"f:147:34:147:39":16,"s:147:39:147:50":66,"f:150:8:150:29":17,"s:151:4:151:Infinity":67,"s:153:4:153:Infinity":68,"f:153:36:153:41":18,"s:153:41:153:59":69,"f:156:8:156:Infinity":19,"s:160:4:160:Infinity":70,"s:162:16:162:Infinity":71,"f:162:39:162:44":20,"s:162:44:162:66":72,"b:163:4:165:Infinity:undefined:undefined:undefined:undefined":16,"s:163:4:165:Infinity":73,"s:164:6:164:Infinity":74,"s:170:34:170:Infinity":75}}}
}
